<?xml version="1.0" encoding="UTF-8"?>
<coverage generated="1637424090951" clover="3.2.0">
  <project timestamp="1637424090952" name="All files">
    <metrics statements="83" coveredstatements="83" conditionals="76" coveredconditionals="75" methods="17" coveredmethods="17" elements="176" coveredelements="175" complexity="0" loc="83" ncloc="83" packages="2" files="10" classes="10"/>
    <package name="ciphers">
      <metrics statements="11" coveredstatements="11" conditionals="8" coveredconditionals="8" methods="5" coveredmethods="5"/>
      <file name="atbash.js" path="D:\DEV\2021\node\cipher\ciphers\atbash.js">
        <metrics statements="1" coveredstatements="1" conditionals="2" coveredconditionals="2" methods="2" coveredmethods="2"/>
        <line num="3" count="6" type="cond" truecount="2" falsecount="0"/>
      </file>
      <file name="caesarRot.js" path="D:\DEV\2021\node\cipher\ciphers\caesarRot.js">
        <metrics statements="10" coveredstatements="10" conditionals="6" coveredconditionals="6" methods="3" coveredmethods="3"/>
        <line num="3" count="1" type="stmt"/>
        <line num="4" count="1" type="stmt"/>
        <line num="5" count="6" type="stmt"/>
        <line num="7" count="6" type="cond" truecount="2" falsecount="0"/>
        <line num="8" count="3" type="stmt"/>
        <line num="9" count="6" type="stmt"/>
        <line num="11" count="6" type="cond" truecount="2" falsecount="0"/>
        <line num="14" count="3" type="stmt"/>
        <line num="15" count="6" type="stmt"/>
        <line num="17" count="6" type="cond" truecount="2" falsecount="0"/>
      </file>
    </package>
    <package name="utils">
      <metrics statements="72" coveredstatements="72" conditionals="68" coveredconditionals="67" methods="12" coveredmethods="12"/>
      <file name="checkArguments.js" path="D:\DEV\2021\node\cipher\utils\checkArguments.js">
        <metrics statements="5" coveredstatements="5" conditionals="12" coveredconditionals="12" methods="1" coveredmethods="1"/>
        <line num="3" count="2" type="stmt"/>
        <line num="4" count="15" type="cond" truecount="4" falsecount="0"/>
        <line num="5" count="11" type="cond" truecount="4" falsecount="0"/>
        <line num="6" count="9" type="cond" truecount="4" falsecount="0"/>
        <line num="7" count="2" type="stmt"/>
      </file>
      <file name="checkFiles.js" path="D:\DEV\2021\node\cipher\utils\checkFiles.js">
        <metrics statements="8" coveredstatements="8" conditionals="4" coveredconditionals="4" methods="1" coveredmethods="1"/>
        <line num="5" count="2" type="stmt"/>
        <line num="6" count="6" type="stmt"/>
        <line num="7" count="6" type="stmt"/>
        <line num="8" count="6" type="stmt"/>
        <line num="9" count="5" type="stmt"/>
        <line num="10" count="5" type="cond" truecount="2" falsecount="0"/>
        <line num="12" count="2" type="cond" truecount="2" falsecount="0"/>
        <line num="13" count="1" type="stmt"/>
      </file>
      <file name="checkSameFiles.js" path="D:\DEV\2021\node\cipher\utils\checkSameFiles.js">
        <metrics statements="3" coveredstatements="3" conditionals="4" coveredconditionals="4" methods="1" coveredmethods="1"/>
        <line num="3" count="2" type="stmt"/>
        <line num="4" count="5" type="cond" truecount="4" falsecount="0"/>
        <line num="5" count="1" type="stmt"/>
      </file>
      <file name="configParser.js" path="D:\DEV\2021\node\cipher\utils\configParser.js">
        <metrics statements="6" coveredstatements="6" conditionals="2" coveredconditionals="2" methods="2" coveredmethods="2"/>
        <line num="3" count="3" type="stmt"/>
        <line num="4" count="7" type="stmt"/>
        <line num="6" count="7" type="stmt"/>
        <line num="8" count="7" type="stmt"/>
        <line num="9" count="21" type="cond" truecount="2" falsecount="0"/>
        <line num="12" count="5" type="stmt"/>
      </file>
      <file name="customError.js" path="D:\DEV\2021\node\cipher\utils\customError.js">
        <metrics statements="2" coveredstatements="2" conditionals="0" coveredconditionals="0" methods="1" coveredmethods="1"/>
        <line num="3" count="11" type="stmt"/>
        <line num="4" count="11" type="stmt"/>
      </file>
      <file name="errorHandler.js" path="D:\DEV\2021\node\cipher\utils\errorHandler.js">
        <metrics statements="4" coveredstatements="4" conditionals="2" coveredconditionals="2" methods="1" coveredmethods="1"/>
        <line num="1" count="1" type="stmt"/>
        <line num="2" count="2" type="cond" truecount="2" falsecount="0"/>
        <line num="3" count="1" type="stmt"/>
        <line num="4" count="1" type="stmt"/>
      </file>
      <file name="matchRange.js" path="D:\DEV\2021\node\cipher\utils\matchRange.js">
        <metrics statements="21" coveredstatements="21" conditionals="32" coveredconditionals="32" methods="3" coveredmethods="3"/>
        <line num="1" count="2" type="stmt"/>
        <line num="2" count="2" type="stmt"/>
        <line num="3" count="2" type="stmt"/>
        <line num="5" count="2" type="stmt"/>
        <line num="6" count="6" type="cond" truecount="4" falsecount="0"/>
        <line num="7" count="2" type="cond" truecount="2" falsecount="0"/>
        <line num="10" count="4" type="cond" truecount="4" falsecount="0"/>
        <line num="11" count="2" type="cond" truecount="2" falsecount="0"/>
        <line num="13" count="2" type="stmt"/>
        <line num="16" count="2" type="stmt"/>
        <line num="17" count="6" type="cond" truecount="4" falsecount="0"/>
        <line num="18" count="2" type="cond" truecount="2" falsecount="0"/>
        <line num="23" count="4" type="cond" truecount="4" falsecount="0"/>
        <line num="24" count="2" type="cond" truecount="2" falsecount="0"/>
        <line num="28" count="2" type="stmt"/>
        <line num="31" count="2" type="stmt"/>
        <line num="32" count="6" type="cond" truecount="4" falsecount="0"/>
        <line num="33" count="2" type="stmt"/>
        <line num="35" count="4" type="cond" truecount="4" falsecount="0"/>
        <line num="36" count="2" type="stmt"/>
        <line num="38" count="2" type="stmt"/>
      </file>
      <file name="optionsParser.js" path="D:\DEV\2021\node\cipher\utils\optionsParser.js">
        <metrics statements="23" coveredstatements="23" conditionals="12" coveredconditionals="11" methods="2" coveredmethods="2"/>
        <line num="7" count="1" type="stmt"/>
        <line num="8" count="1" type="stmt"/>
        <line num="9" count="1" type="stmt"/>
        <line num="11" count="1" type="stmt"/>
        <line num="12" count="6" type="stmt"/>
        <line num="13" count="6" type="stmt"/>
        <line num="14" count="6" type="stmt"/>
        <line num="16" count="6" type="stmt"/>
        <line num="17" count="20" type="cond" truecount="2" falsecount="0"/>
        <line num="18" count="11" type="stmt"/>
        <line num="20" count="10" type="cond" truecount="2" falsecount="0"/>
        <line num="21" count="1" type="stmt"/>
        <line num="22" count="9" type="stmt"/>
        <line num="23" count="9" type="cond" truecount="1" falsecount="1"/>
        <line num="24" count="9" type="stmt"/>
        <line num="25" count="9" type="stmt"/>
        <line num="29" count="4" type="cond" truecount="2" falsecount="0"/>
        <line num="30" count="1" type="stmt"/>
        <line num="32" count="3" type="stmt"/>
        <line num="35" count="3" type="cond" truecount="2" falsecount="0"/>
        <line num="37" count="3" type="cond" truecount="2" falsecount="0"/>
        <line num="39" count="3" type="stmt"/>
        <line num="41" count="3" type="stmt"/>
      </file>
    </package>
  </project>
</coverage>
