{"D:\\DEV\\2021\\node\\cipher\\ciphers\\atbash.js": {"path":"D:\\DEV\\2021\\node\\cipher\\ciphers\\atbash.js","statementMap":{"0":{"start":{"line":3,"column":15},"end":{"line":3,"column":66}},"1":{"start":{"line":3,"column":26},"end":{"line":3,"column":66}},"2":{"start":{"line":3,"column":44},"end":{"line":3,"column":65}}},"fnMap":{"0":{"name":"(anonymous_0)","decl":{"start":{"line":3,"column":15},"end":{"line":3,"column":16}},"loc":{"start":{"line":3,"column":26},"end":{"line":3,"column":66}},"line":3},"1":{"name":"(anonymous_1)","decl":{"start":{"line":3,"column":36},"end":{"line":3,"column":37}},"loc":{"start":{"line":3,"column":44},"end":{"line":3,"column":65}},"line":3}},"branchMap":{"0":{"loc":{"start":{"line":3,"column":44},"end":{"line":3,"column":65}},"type":"binary-expr","locations":[{"start":{"line":3,"column":44},"end":{"line":3,"column":59}},{"start":{"line":3,"column":63},"end":{"line":3,"column":65}}],"line":3}},"s":{"0":1,"1":3,"2":6},"f":{"0":3,"1":6},"b":{"0":[6,2]},"_coverageSchema":"1a1c01bbd47fc00a2c39e90264f33305004495a9","hash":"70dd96bbdb48afcefdc69e8b6c2be18f5e984ad0"}
,"D:\\DEV\\2021\\node\\cipher\\ciphers\\caesarRot.js": {"path":"D:\\DEV\\2021\\node\\cipher\\ciphers\\caesarRot.js","statementMap":{"0":{"start":{"line":3,"column":15},"end":{"line":3,"column":18}},"1":{"start":{"line":4,"column":18},"end":{"line":19,"column":1}},"2":{"start":{"line":5,"column":20},"end":{"line":5,"column":37}},"3":{"start":{"line":7,"column":2},"end":{"line":13,"column":3}},"4":{"start":{"line":8,"column":4},"end":{"line":12,"column":7}},"5":{"start":{"line":9,"column":18},"end":{"line":9,"column":28}},"6":{"start":{"line":11,"column":6},"end":{"line":11,"column":40}},"7":{"start":{"line":14,"column":2},"end":{"line":18,"column":5}},"8":{"start":{"line":15,"column":16},"end":{"line":15,"column":26}},"9":{"start":{"line":17,"column":4},"end":{"line":17,"column":38}}},"fnMap":{"0":{"name":"(anonymous_0)","decl":{"start":{"line":4,"column":18},"end":{"line":4,"column":19}},"loc":{"start":{"line":4,"column":44},"end":{"line":19,"column":1}},"line":4},"1":{"name":"(anonymous_1)","decl":{"start":{"line":8,"column":21},"end":{"line":8,"column":22}},"loc":{"start":{"line":8,"column":29},"end":{"line":12,"column":5}},"line":8},"2":{"name":"(anonymous_2)","decl":{"start":{"line":14,"column":19},"end":{"line":14,"column":20}},"loc":{"start":{"line":14,"column":27},"end":{"line":18,"column":3}},"line":14}},"branchMap":{"0":{"loc":{"start":{"line":7,"column":2},"end":{"line":13,"column":3}},"type":"if","locations":[{"start":{"line":7,"column":2},"end":{"line":13,"column":3}},{"start":{},"end":{}}],"line":7},"1":{"loc":{"start":{"line":11,"column":13},"end":{"line":11,"column":39}},"type":"binary-expr","locations":[{"start":{"line":11,"column":13},"end":{"line":11,"column":33}},{"start":{"line":11,"column":37},"end":{"line":11,"column":39}}],"line":11},"2":{"loc":{"start":{"line":17,"column":11},"end":{"line":17,"column":37}},"type":"binary-expr","locations":[{"start":{"line":17,"column":11},"end":{"line":17,"column":31}},{"start":{"line":17,"column":35},"end":{"line":17,"column":37}}],"line":17}},"s":{"0":1,"1":1,"2":6,"3":6,"4":3,"5":6,"6":6,"7":3,"8":6,"9":6},"f":{"0":6,"1":6,"2":6},"b":{"0":[3,3],"1":[6,2],"2":[6,2]},"_coverageSchema":"1a1c01bbd47fc00a2c39e90264f33305004495a9","hash":"dc1240a765d6736c7b7666d08bc3d7f285d093ae"}
,"D:\\DEV\\2021\\node\\cipher\\utils\\checkArguments.js": {"path":"D:\\DEV\\2021\\node\\cipher\\utils\\checkArguments.js","statementMap":{"0":{"start":{"line":3,"column":25},"end":{"line":8,"column":1}},"1":{"start":{"line":4,"column":2},"end":{"line":4,"column":56}},"2":{"start":{"line":4,"column":41},"end":{"line":4,"column":56}},"3":{"start":{"line":5,"column":2},"end":{"line":5,"column":58}},"4":{"start":{"line":5,"column":42},"end":{"line":5,"column":58}},"5":{"start":{"line":6,"column":2},"end":{"line":6,"column":58}},"6":{"start":{"line":6,"column":42},"end":{"line":6,"column":58}},"7":{"start":{"line":7,"column":2},"end":{"line":7,"column":45}}},"fnMap":{"0":{"name":"(anonymous_0)","decl":{"start":{"line":3,"column":25},"end":{"line":3,"column":26}},"loc":{"start":{"line":3,"column":34},"end":{"line":8,"column":1}},"line":3}},"branchMap":{"0":{"loc":{"start":{"line":4,"column":2},"end":{"line":4,"column":56}},"type":"if","locations":[{"start":{"line":4,"column":2},"end":{"line":4,"column":56}},{"start":{},"end":{}}],"line":4},"1":{"loc":{"start":{"line":4,"column":6},"end":{"line":4,"column":39}},"type":"binary-expr","locations":[{"start":{"line":4,"column":6},"end":{"line":4,"column":23}},{"start":{"line":4,"column":27},"end":{"line":4,"column":39}}],"line":4},"2":{"loc":{"start":{"line":5,"column":2},"end":{"line":5,"column":58}},"type":"if","locations":[{"start":{"line":5,"column":2},"end":{"line":5,"column":58}},{"start":{},"end":{}}],"line":5},"3":{"loc":{"start":{"line":5,"column":6},"end":{"line":5,"column":40}},"type":"binary-expr","locations":[{"start":{"line":5,"column":6},"end":{"line":5,"column":24}},{"start":{"line":5,"column":28},"end":{"line":5,"column":40}}],"line":5},"4":{"loc":{"start":{"line":6,"column":2},"end":{"line":6,"column":58}},"type":"if","locations":[{"start":{"line":6,"column":2},"end":{"line":6,"column":58}},{"start":{},"end":{}}],"line":6},"5":{"loc":{"start":{"line":6,"column":6},"end":{"line":6,"column":40}},"type":"binary-expr","locations":[{"start":{"line":6,"column":6},"end":{"line":6,"column":24}},{"start":{"line":6,"column":28},"end":{"line":6,"column":40}}],"line":6}},"s":{"0":2,"1":15,"2":4,"3":11,"4":2,"5":9,"6":7,"7":2},"f":{"0":15},"b":{"0":[4,11],"1":[15,14],"2":[2,9],"3":[11,10],"4":[7,2],"5":[9,8]},"_coverageSchema":"1a1c01bbd47fc00a2c39e90264f33305004495a9","hash":"7882292e3cd57aaa9c5f34f0df6e31d7dd07a797"}
,"D:\\DEV\\2021\\node\\cipher\\utils\\checkFiles.js": {"path":"D:\\DEV\\2021\\node\\cipher\\utils\\checkFiles.js","statementMap":{"0":{"start":{"line":5,"column":25},"end":{"line":15,"column":1}},"1":{"start":{"line":6,"column":2},"end":{"line":14,"column":3}},"2":{"start":{"line":7,"column":21},"end":{"line":7,"column":39}},"3":{"start":{"line":8,"column":4},"end":{"line":8,"column":58}},"4":{"start":{"line":9,"column":17},"end":{"line":9,"column":49}},"5":{"start":{"line":10,"column":4},"end":{"line":10,"column":70}},"6":{"start":{"line":10,"column":28},"end":{"line":10,"column":70}},"7":{"start":{"line":12,"column":4},"end":{"line":12,"column":67}},"8":{"start":{"line":12,"column":34},"end":{"line":12,"column":67}},"9":{"start":{"line":13,"column":4},"end":{"line":13,"column":61}}},"fnMap":{"0":{"name":"(anonymous_0)","decl":{"start":{"line":5,"column":25},"end":{"line":5,"column":26}},"loc":{"start":{"line":5,"column":41},"end":{"line":15,"column":1}},"line":5}},"branchMap":{"0":{"loc":{"start":{"line":10,"column":4},"end":{"line":10,"column":70}},"type":"if","locations":[{"start":{"line":10,"column":4},"end":{"line":10,"column":70}},{"start":{},"end":{}}],"line":10},"1":{"loc":{"start":{"line":12,"column":4},"end":{"line":12,"column":67}},"type":"if","locations":[{"start":{"line":12,"column":4},"end":{"line":12,"column":67}},{"start":{},"end":{}}],"line":12}},"s":{"0":2,"1":6,"2":6,"3":6,"4":5,"5":5,"6":1,"7":2,"8":1,"9":1},"f":{"0":6},"b":{"0":[1,4],"1":[1,1]},"_coverageSchema":"1a1c01bbd47fc00a2c39e90264f33305004495a9","hash":"ce5dd0564a42ab25a31b0c618cd05ecf449618b5"}
,"D:\\DEV\\2021\\node\\cipher\\utils\\checkSameFiles.js": {"path":"D:\\DEV\\2021\\node\\cipher\\utils\\checkSameFiles.js","statementMap":{"0":{"start":{"line":3,"column":25},"end":{"line":6,"column":1}},"1":{"start":{"line":4,"column":2},"end":{"line":5,"column":61}},"2":{"start":{"line":5,"column":4},"end":{"line":5,"column":61}}},"fnMap":{"0":{"name":"(anonymous_0)","decl":{"start":{"line":3,"column":25},"end":{"line":3,"column":26}},"loc":{"start":{"line":3,"column":44},"end":{"line":6,"column":1}},"line":3}},"branchMap":{"0":{"loc":{"start":{"line":4,"column":2},"end":{"line":5,"column":61}},"type":"if","locations":[{"start":{"line":4,"column":2},"end":{"line":5,"column":61}},{"start":{},"end":{}}],"line":4},"1":{"loc":{"start":{"line":4,"column":6},"end":{"line":4,"column":33}},"type":"binary-expr","locations":[{"start":{"line":4,"column":6},"end":{"line":4,"column":13}},{"start":{"line":4,"column":17},"end":{"line":4,"column":33}}],"line":4}},"s":{"0":2,"1":5,"2":1},"f":{"0":5},"b":{"0":[1,4],"1":[5,4]},"_coverageSchema":"1a1c01bbd47fc00a2c39e90264f33305004495a9","hash":"0a3f67f92b84d83d09c628aee598d2100f65e71d"}
,"D:\\DEV\\2021\\node\\cipher\\utils\\configParser.js": {"path":"D:\\DEV\\2021\\node\\cipher\\utils\\configParser.js","statementMap":{"0":{"start":{"line":3,"column":27},"end":{"line":13,"column":1}},"1":{"start":{"line":4,"column":18},"end":{"line":4,"column":47}},"2":{"start":{"line":6,"column":22},"end":{"line":6,"column":39}},"3":{"start":{"line":8,"column":2},"end":{"line":10,"column":5}},"4":{"start":{"line":9,"column":4},"end":{"line":9,"column":71}},"5":{"start":{"line":9,"column":33},"end":{"line":9,"column":71}},"6":{"start":{"line":12,"column":2},"end":{"line":12,"column":21}}},"fnMap":{"0":{"name":"(anonymous_0)","decl":{"start":{"line":3,"column":27},"end":{"line":3,"column":28}},"loc":{"start":{"line":3,"column":39},"end":{"line":13,"column":1}},"line":3},"1":{"name":"(anonymous_1)","decl":{"start":{"line":8,"column":22},"end":{"line":8,"column":23}},"loc":{"start":{"line":8,"column":32},"end":{"line":10,"column":3}},"line":8}},"branchMap":{"0":{"loc":{"start":{"line":9,"column":4},"end":{"line":9,"column":71}},"type":"if","locations":[{"start":{"line":9,"column":4},"end":{"line":9,"column":71}},{"start":{},"end":{}}],"line":9}},"s":{"0":3,"1":7,"2":7,"3":7,"4":21,"5":2,"6":5},"f":{"0":7,"1":21},"b":{"0":[2,19]},"_coverageSchema":"1a1c01bbd47fc00a2c39e90264f33305004495a9","hash":"a5cc5f5c1463f62ffe7e1d4201455d5dceb779d3"}
,"D:\\DEV\\2021\\node\\cipher\\utils\\customError.js": {"path":"D:\\DEV\\2021\\node\\cipher\\utils\\customError.js","statementMap":{"0":{"start":{"line":3,"column":4},"end":{"line":3,"column":19}},"1":{"start":{"line":4,"column":4},"end":{"line":4,"column":38}}},"fnMap":{"0":{"name":"(anonymous_0)","decl":{"start":{"line":2,"column":2},"end":{"line":2,"column":3}},"loc":{"start":{"line":2,"column":23},"end":{"line":5,"column":3}},"line":2}},"branchMap":{},"s":{"0":11,"1":11},"f":{"0":11},"b":{},"_coverageSchema":"1a1c01bbd47fc00a2c39e90264f33305004495a9","hash":"2ee5deec87911499a011867477988db90c2a10a9"}
,"D:\\DEV\\2021\\node\\cipher\\utils\\errorHandler.js": {"path":"D:\\DEV\\2021\\node\\cipher\\utils\\errorHandler.js","statementMap":{"0":{"start":{"line":1,"column":28},"end":{"line":6,"column":1}},"1":{"start":{"line":2,"column":2},"end":{"line":5,"column":3}},"2":{"start":{"line":3,"column":4},"end":{"line":3,"column":45}},"3":{"start":{"line":4,"column":4},"end":{"line":4,"column":21}}},"fnMap":{"0":{"name":"(anonymous_0)","decl":{"start":{"line":1,"column":28},"end":{"line":1,"column":29}},"loc":{"start":{"line":1,"column":39},"end":{"line":6,"column":1}},"line":1}},"branchMap":{"0":{"loc":{"start":{"line":2,"column":2},"end":{"line":5,"column":3}},"type":"if","locations":[{"start":{"line":2,"column":2},"end":{"line":5,"column":3}},{"start":{},"end":{}}],"line":2}},"s":{"0":1,"1":2,"2":1,"3":1},"f":{"0":2},"b":{"0":[1,1]},"_coverageSchema":"1a1c01bbd47fc00a2c39e90264f33305004495a9","hash":"24c8aaf1fa27da124a1a6ad55bbc6285a12c46a7"}
,"D:\\DEV\\2021\\node\\cipher\\utils\\matchRange.js": {"path":"D:\\DEV\\2021\\node\\cipher\\utils\\matchRange.js","statementMap":{"0":{"start":{"line":1,"column":23},"end":{"line":1,"column":25}},"1":{"start":{"line":2,"column":24},"end":{"line":2,"column":26}},"2":{"start":{"line":3,"column":24},"end":{"line":3,"column":26}},"3":{"start":{"line":5,"column":27},"end":{"line":14,"column":1}},"4":{"start":{"line":6,"column":2},"end":{"line":8,"column":3}},"5":{"start":{"line":7,"column":4},"end":{"line":7,"column":63}},"6":{"start":{"line":10,"column":2},"end":{"line":12,"column":3}},"7":{"start":{"line":11,"column":4},"end":{"line":11,"column":62}},"8":{"start":{"line":13,"column":2},"end":{"line":13,"column":19}},"9":{"start":{"line":16,"column":27},"end":{"line":29,"column":1}},"10":{"start":{"line":17,"column":2},"end":{"line":21,"column":3}},"11":{"start":{"line":18,"column":4},"end":{"line":20,"column":12}},"12":{"start":{"line":23,"column":2},"end":{"line":27,"column":3}},"13":{"start":{"line":24,"column":4},"end":{"line":26,"column":12}},"14":{"start":{"line":28,"column":2},"end":{"line":28,"column":19}},"15":{"start":{"line":31,"column":27},"end":{"line":39,"column":1}},"16":{"start":{"line":32,"column":2},"end":{"line":34,"column":3}},"17":{"start":{"line":33,"column":4},"end":{"line":33,"column":57}},"18":{"start":{"line":35,"column":2},"end":{"line":37,"column":3}},"19":{"start":{"line":36,"column":4},"end":{"line":36,"column":58}},"20":{"start":{"line":38,"column":2},"end":{"line":38,"column":19}}},"fnMap":{"0":{"name":"(anonymous_0)","decl":{"start":{"line":5,"column":27},"end":{"line":5,"column":28}},"loc":{"start":{"line":5,"column":40},"end":{"line":14,"column":1}},"line":5},"1":{"name":"(anonymous_1)","decl":{"start":{"line":16,"column":27},"end":{"line":16,"column":28}},"loc":{"start":{"line":16,"column":40},"end":{"line":29,"column":1}},"line":16},"2":{"name":"(anonymous_2)","decl":{"start":{"line":31,"column":27},"end":{"line":31,"column":28}},"loc":{"start":{"line":31,"column":35},"end":{"line":39,"column":1}},"line":31}},"branchMap":{"0":{"loc":{"start":{"line":6,"column":2},"end":{"line":8,"column":3}},"type":"if","locations":[{"start":{"line":6,"column":2},"end":{"line":8,"column":3}},{"start":{},"end":{}}],"line":6},"1":{"loc":{"start":{"line":6,"column":6},"end":{"line":6,"column":70}},"type":"binary-expr","locations":[{"start":{"line":6,"column":6},"end":{"line":6,"column":27}},{"start":{"line":6,"column":31},"end":{"line":6,"column":70}}],"line":6},"2":{"loc":{"start":{"line":7,"column":11},"end":{"line":7,"column":62}},"type":"cond-expr","locations":[{"start":{"line":7,"column":35},"end":{"line":7,"column":56}},{"start":{"line":7,"column":59},"end":{"line":7,"column":62}}],"line":7},"3":{"loc":{"start":{"line":10,"column":2},"end":{"line":12,"column":3}},"type":"if","locations":[{"start":{"line":10,"column":2},"end":{"line":12,"column":3}},{"start":{},"end":{}}],"line":10},"4":{"loc":{"start":{"line":10,"column":6},"end":{"line":10,"column":68}},"type":"binary-expr","locations":[{"start":{"line":10,"column":6},"end":{"line":10,"column":26}},{"start":{"line":10,"column":30},"end":{"line":10,"column":68}}],"line":10},"5":{"loc":{"start":{"line":11,"column":11},"end":{"line":11,"column":61}},"type":"cond-expr","locations":[{"start":{"line":11,"column":34},"end":{"line":11,"column":55}},{"start":{"line":11,"column":58},"end":{"line":11,"column":61}}],"line":11},"6":{"loc":{"start":{"line":17,"column":2},"end":{"line":21,"column":3}},"type":"if","locations":[{"start":{"line":17,"column":2},"end":{"line":21,"column":3}},{"start":{},"end":{}}],"line":17},"7":{"loc":{"start":{"line":17,"column":6},"end":{"line":17,"column":70}},"type":"binary-expr","locations":[{"start":{"line":17,"column":6},"end":{"line":17,"column":27}},{"start":{"line":17,"column":31},"end":{"line":17,"column":70}}],"line":17},"8":{"loc":{"start":{"line":18,"column":11},"end":{"line":20,"column":11}},"type":"cond-expr","locations":[{"start":{"line":19,"column":8},"end":{"line":19,"column":29}},{"start":{"line":20,"column":8},"end":{"line":20,"column":11}}],"line":18},"9":{"loc":{"start":{"line":23,"column":2},"end":{"line":27,"column":3}},"type":"if","locations":[{"start":{"line":23,"column":2},"end":{"line":27,"column":3}},{"start":{},"end":{}}],"line":23},"10":{"loc":{"start":{"line":23,"column":6},"end":{"line":23,"column":68}},"type":"binary-expr","locations":[{"start":{"line":23,"column":6},"end":{"line":23,"column":26}},{"start":{"line":23,"column":30},"end":{"line":23,"column":68}}],"line":23},"11":{"loc":{"start":{"line":24,"column":11},"end":{"line":26,"column":11}},"type":"cond-expr","locations":[{"start":{"line":25,"column":8},"end":{"line":25,"column":29}},{"start":{"line":26,"column":8},"end":{"line":26,"column":11}}],"line":24},"12":{"loc":{"start":{"line":32,"column":2},"end":{"line":34,"column":3}},"type":"if","locations":[{"start":{"line":32,"column":2},"end":{"line":34,"column":3}},{"start":{},"end":{}}],"line":32},"13":{"loc":{"start":{"line":32,"column":6},"end":{"line":32,"column":68}},"type":"binary-expr","locations":[{"start":{"line":32,"column":6},"end":{"line":32,"column":26}},{"start":{"line":32,"column":30},"end":{"line":32,"column":68}}],"line":32},"14":{"loc":{"start":{"line":35,"column":2},"end":{"line":37,"column":3}},"type":"if","locations":[{"start":{"line":35,"column":2},"end":{"line":37,"column":3}},{"start":{},"end":{}}],"line":35},"15":{"loc":{"start":{"line":35,"column":6},"end":{"line":35,"column":70}},"type":"binary-expr","locations":[{"start":{"line":35,"column":6},"end":{"line":35,"column":27}},{"start":{"line":35,"column":31},"end":{"line":35,"column":70}}],"line":35}},"s":{"0":2,"1":2,"2":2,"3":2,"4":6,"5":2,"6":4,"7":2,"8":2,"9":2,"10":6,"11":2,"12":4,"13":2,"14":2,"15":2,"16":6,"17":2,"18":4,"19":2,"20":2},"f":{"0":6,"1":6,"2":6},"b":{"0":[2,4],"1":[6,6],"2":[1,1],"3":[2,2],"4":[4,4],"5":[1,1],"6":[2,4],"7":[6,6],"8":[1,1],"9":[2,2],"10":[4,4],"11":[1,1],"12":[2,4],"13":[6,4],"14":[2,2],"15":[4,4]},"_coverageSchema":"1a1c01bbd47fc00a2c39e90264f33305004495a9","hash":"a9b6f62ef8b7c3bccc54e8b250df781990c33882"}
,"D:\\DEV\\2021\\node\\cipher\\utils\\optionsParser.js": {"path":"D:\\DEV\\2021\\node\\cipher\\utils\\optionsParser.js","statementMap":{"0":{"start":{"line":7,"column":14},"end":{"line":7,"column":21}},"1":{"start":{"line":8,"column":15},"end":{"line":8,"column":23}},"2":{"start":{"line":9,"column":15},"end":{"line":9,"column":23}},"3":{"start":{"line":11,"column":21},"end":{"line":42,"column":1}},"4":{"start":{"line":12,"column":18},"end":{"line":12,"column":27}},"5":{"start":{"line":13,"column":16},"end":{"line":13,"column":20}},"6":{"start":{"line":14,"column":22},"end":{"line":14,"column":24}},"7":{"start":{"line":16,"column":2},"end":{"line":27,"column":5}},"8":{"start":{"line":17,"column":4},"end":{"line":26,"column":5}},"9":{"start":{"line":18,"column":26},"end":{"line":18,"column":40}},"10":{"start":{"line":20,"column":6},"end":{"line":22,"column":33}},"11":{"start":{"line":21,"column":8},"end":{"line":21,"column":53}},"12":{"start":{"line":22,"column":11},"end":{"line":22,"column":33}},"13":{"start":{"line":23,"column":11},"end":{"line":26,"column":5}},"14":{"start":{"line":24,"column":6},"end":{"line":24,"column":32}},"15":{"start":{"line":25,"column":6},"end":{"line":25,"column":21}},"16":{"start":{"line":29,"column":2},"end":{"line":33,"column":3}},"17":{"start":{"line":30,"column":4},"end":{"line":30,"column":59}},"18":{"start":{"line":32,"column":4},"end":{"line":32,"column":53}},"19":{"start":{"line":35,"column":2},"end":{"line":35,"column":62}},"20":{"start":{"line":35,"column":26},"end":{"line":35,"column":62}},"21":{"start":{"line":37,"column":2},"end":{"line":37,"column":64}},"22":{"start":{"line":37,"column":27},"end":{"line":37,"column":64}},"23":{"start":{"line":39,"column":2},"end":{"line":39,"column":53}},"24":{"start":{"line":41,"column":2},"end":{"line":41,"column":77}}},"fnMap":{"0":{"name":"(anonymous_0)","decl":{"start":{"line":11,"column":21},"end":{"line":11,"column":22}},"loc":{"start":{"line":11,"column":37},"end":{"line":42,"column":1}},"line":11},"1":{"name":"(anonymous_1)","decl":{"start":{"line":16,"column":15},"end":{"line":16,"column":16}},"loc":{"start":{"line":16,"column":24},"end":{"line":27,"column":3}},"line":16}},"branchMap":{"0":{"loc":{"start":{"line":17,"column":4},"end":{"line":26,"column":5}},"type":"if","locations":[{"start":{"line":17,"column":4},"end":{"line":26,"column":5}},{"start":{"line":23,"column":11},"end":{"line":26,"column":5}}],"line":17},"1":{"loc":{"start":{"line":20,"column":6},"end":{"line":22,"column":33}},"type":"if","locations":[{"start":{"line":20,"column":6},"end":{"line":22,"column":33}},{"start":{"line":22,"column":11},"end":{"line":22,"column":33}}],"line":20},"2":{"loc":{"start":{"line":23,"column":11},"end":{"line":26,"column":5}},"type":"if","locations":[{"start":{"line":23,"column":11},"end":{"line":26,"column":5}},{"start":{},"end":{}}],"line":23},"3":{"loc":{"start":{"line":29,"column":2},"end":{"line":33,"column":3}},"type":"if","locations":[{"start":{"line":29,"column":2},"end":{"line":33,"column":3}},{"start":{"line":31,"column":7},"end":{"line":33,"column":3}}],"line":29},"4":{"loc":{"start":{"line":35,"column":2},"end":{"line":35,"column":62}},"type":"if","locations":[{"start":{"line":35,"column":2},"end":{"line":35,"column":62}},{"start":{},"end":{}}],"line":35},"5":{"loc":{"start":{"line":37,"column":2},"end":{"line":37,"column":64}},"type":"if","locations":[{"start":{"line":37,"column":2},"end":{"line":37,"column":64}},{"start":{},"end":{}}],"line":37}},"s":{"0":1,"1":1,"2":1,"3":1,"4":6,"5":6,"6":6,"7":6,"8":20,"9":11,"10":10,"11":1,"12":9,"13":9,"14":9,"15":9,"16":4,"17":1,"18":3,"19":3,"20":2,"21":3,"22":1,"23":3,"24":3},"f":{"0":6,"1":20},"b":{"0":[11,9],"1":[1,9],"2":[9,0],"3":[1,3],"4":[2,1],"5":[1,2]},"_coverageSchema":"1a1c01bbd47fc00a2c39e90264f33305004495a9","hash":"acdbe763af254b6b6dfcfa74e37819af311e04fb"}
}
