TN:
SF:ciphers\atbash.js
FN:3,(anonymous_0)
FN:3,(anonymous_1)
FNF:2
FNH:2
FNDA:3,(anonymous_0)
FNDA:6,(anonymous_1)
DA:3,6
LF:1
LH:1
BRDA:3,0,0,6
BRDA:3,0,1,2
BRF:2
BRH:2
end_of_record
TN:
SF:ciphers\caesarRot.js
FN:4,(anonymous_0)
FN:8,(anonymous_1)
FN:14,(anonymous_2)
FNF:3
FNH:3
FNDA:6,(anonymous_0)
FNDA:6,(anonymous_1)
FNDA:6,(anonymous_2)
DA:3,1
DA:4,1
DA:5,6
DA:7,6
DA:8,3
DA:9,6
DA:11,6
DA:14,3
DA:15,6
DA:17,6
LF:10
LH:10
BRDA:7,0,0,3
BRDA:7,0,1,3
BRDA:11,1,0,6
BRDA:11,1,1,2
BRDA:17,2,0,6
BRDA:17,2,1,2
BRF:6
BRH:6
end_of_record
TN:
SF:utils\checkArguments.js
FN:3,(anonymous_0)
FNF:1
FNH:1
FNDA:15,(anonymous_0)
DA:3,2
DA:4,15
DA:5,11
DA:6,9
DA:7,2
LF:5
LH:5
BRDA:4,0,0,4
BRDA:4,0,1,11
BRDA:4,1,0,15
BRDA:4,1,1,14
BRDA:5,2,0,2
BRDA:5,2,1,9
BRDA:5,3,0,11
BRDA:5,3,1,10
BRDA:6,4,0,7
BRDA:6,4,1,2
BRDA:6,5,0,9
BRDA:6,5,1,8
BRF:12
BRH:12
end_of_record
TN:
SF:utils\checkFiles.js
FN:5,(anonymous_0)
FNF:1
FNH:1
FNDA:6,(anonymous_0)
DA:5,2
DA:6,6
DA:7,6
DA:8,6
DA:9,5
DA:10,5
DA:12,2
DA:13,1
LF:8
LH:8
BRDA:10,0,0,1
BRDA:10,0,1,4
BRDA:12,1,0,1
BRDA:12,1,1,1
BRF:4
BRH:4
end_of_record
TN:
SF:utils\checkSameFiles.js
FN:3,(anonymous_0)
FNF:1
FNH:1
FNDA:5,(anonymous_0)
DA:3,2
DA:4,5
DA:5,1
LF:3
LH:3
BRDA:4,0,0,1
BRDA:4,0,1,4
BRDA:4,1,0,5
BRDA:4,1,1,4
BRF:4
BRH:4
end_of_record
TN:
SF:utils\configParser.js
FN:3,(anonymous_0)
FN:8,(anonymous_1)
FNF:2
FNH:2
FNDA:7,(anonymous_0)
FNDA:21,(anonymous_1)
DA:3,3
DA:4,7
DA:6,7
DA:8,7
DA:9,21
DA:12,5
LF:6
LH:6
BRDA:9,0,0,2
BRDA:9,0,1,19
BRF:2
BRH:2
end_of_record
TN:
SF:utils\customError.js
FN:2,(anonymous_0)
FNF:1
FNH:1
FNDA:11,(anonymous_0)
DA:3,11
DA:4,11
LF:2
LH:2
BRF:0
BRH:0
end_of_record
TN:
SF:utils\errorHandler.js
FN:1,(anonymous_0)
FNF:1
FNH:1
FNDA:2,(anonymous_0)
DA:1,1
DA:2,2
DA:3,1
DA:4,1
LF:4
LH:4
BRDA:2,0,0,1
BRDA:2,0,1,1
BRF:2
BRH:2
end_of_record
TN:
SF:utils\matchRange.js
FN:5,(anonymous_0)
FN:16,(anonymous_1)
FN:31,(anonymous_2)
FNF:3
FNH:3
FNDA:6,(anonymous_0)
FNDA:6,(anonymous_1)
FNDA:6,(anonymous_2)
DA:1,2
DA:2,2
DA:3,2
DA:5,2
DA:6,6
DA:7,2
DA:10,4
DA:11,2
DA:13,2
DA:16,2
DA:17,6
DA:18,2
DA:23,4
DA:24,2
DA:28,2
DA:31,2
DA:32,6
DA:33,2
DA:35,4
DA:36,2
DA:38,2
LF:21
LH:21
BRDA:6,0,0,2
BRDA:6,0,1,4
BRDA:6,1,0,6
BRDA:6,1,1,6
BRDA:7,2,0,1
BRDA:7,2,1,1
BRDA:10,3,0,2
BRDA:10,3,1,2
BRDA:10,4,0,4
BRDA:10,4,1,4
BRDA:11,5,0,1
BRDA:11,5,1,1
BRDA:17,6,0,2
BRDA:17,6,1,4
BRDA:17,7,0,6
BRDA:17,7,1,6
BRDA:18,8,0,1
BRDA:18,8,1,1
BRDA:23,9,0,2
BRDA:23,9,1,2
BRDA:23,10,0,4
BRDA:23,10,1,4
BRDA:24,11,0,1
BRDA:24,11,1,1
BRDA:32,12,0,2
BRDA:32,12,1,4
BRDA:32,13,0,6
BRDA:32,13,1,4
BRDA:35,14,0,2
BRDA:35,14,1,2
BRDA:35,15,0,4
BRDA:35,15,1,4
BRF:32
BRH:32
end_of_record
TN:
SF:utils\optionsParser.js
FN:11,(anonymous_0)
FN:16,(anonymous_1)
FNF:2
FNH:2
FNDA:6,(anonymous_0)
FNDA:20,(anonymous_1)
DA:7,1
DA:8,1
DA:9,1
DA:11,1
DA:12,6
DA:13,6
DA:14,6
DA:16,6
DA:17,20
DA:18,11
DA:20,10
DA:21,1
DA:22,9
DA:23,9
DA:24,9
DA:25,9
DA:29,4
DA:30,1
DA:32,3
DA:35,3
DA:37,3
DA:39,3
DA:41,3
LF:23
LH:23
BRDA:17,0,0,11
BRDA:17,0,1,9
BRDA:20,1,0,1
BRDA:20,1,1,9
BRDA:23,2,0,9
BRDA:23,2,1,0
BRDA:29,3,0,1
BRDA:29,3,1,3
BRDA:35,4,0,2
BRDA:35,4,1,1
BRDA:37,5,0,1
BRDA:37,5,1,2
BRF:12
BRH:11
end_of_record
